<?xml version="1.0" encoding="UTF-8"?>
<!-- Generated by org.testng.reporters.JUnitXMLReporter -->
<testsuite hostname="US1LT-RGUNTURU" name="Default test(failed)" tests="10" failures="4" timestamp="6 Sep 2019 08:05:52 GMT" time="0.087" errors="0">
  <testcase name="@AfterClass closeApplication" time="0.0" classname="AgilityDataProviderPackage.DataProviderReusableMethods">
    <failure type="java.lang.NullPointerException">
      <![CDATA[java.lang.NullPointerException
	at AgilityDataProviderPackage.DataProviderReusableMethods.closeApplication(DataProviderReusableMethods.java:496)
... Removed 24 stack frames]]>
    </failure>
  </testcase> <!-- @AfterClass closeApplication -->
  <testcase name="launchApplicationChrome" time="0.005" classname="AgilityDataProviderPackage.DataProviderReusableMethods">
    <skipped/>
  </testcase> <!-- launchApplicationChrome -->
  <testcase name="excelConnection" time="0.0" classname="AgilityDataProviderPackage.DataProviderReusableMethods">
    <skipped/>
  </testcase> <!-- excelConnection -->
  <testcase name="enterLoginDetails" time="0.0" classname="AgilityDataProviderPackage.DataProviderReusableMethods">
    <skipped/>
  </testcase> <!-- enterLoginDetails -->
  <testcase name="checkCountInDropDownBox" time="0.001" classname="AgilityDataProviderPackage.DataProviderReusableMethods">
    <skipped/>
  </testcase> <!-- checkCountInDropDownBox -->
  <testcase name="selectDropDownBox" time="0.0" classname="AgilityDataProviderPackage.DataProviderReusableMethods">
    <skipped/>
  </testcase> <!-- selectDropDownBox -->
  <testcase name="selectDatePicker" time="0.0" classname="AgilityDataProviderPackage.DataProviderReusableMethods">
    <skipped/>
  </testcase> <!-- selectDatePicker -->
  <testcase name="checkMonitorAndMeasure" time="0.034" classname="AgilityDataProviderPackage.DataProviderReusableMethods">
    <failure type="java.lang.NullPointerException">
      <![CDATA[java.lang.NullPointerException
	at AgilityDataProviderPackage.DataProviderReusableMethods.checkMonitorAndMeasure(DataProviderReusableMethods.java:180)
... Removed 24 stack frames]]>
    </failure>
  </testcase> <!-- checkMonitorAndMeasure -->
  <testcase name="countingFlipperCards" time="0.002" classname="AgilityDataProviderPackage.DataProviderReusableMethods">
    <failure type="java.lang.NullPointerException">
      <![CDATA[java.lang.NullPointerException
	at AgilityDataProviderPackage.DataProviderReusableMethods.countingFlipperCards(DataProviderReusableMethods.java:426)
... Removed 24 stack frames]]>
    </failure>
  </testcase> <!-- countingFlipperCards -->
  <testcase name="recurrenceButtonCheck" time="0.001" classname="AgilityDataProviderPackage.DataProviderReusableMethods">
    <failure type="java.lang.NullPointerException">
      <![CDATA[java.lang.NullPointerException
	at AgilityDataProviderPackage.DataProviderReusableMethods.recurrenceButtonCheck(DataProviderReusableMethods.java:444)
... Removed 24 stack frames]]>
    </failure>
  </testcase> <!-- recurrenceButtonCheck -->
  <testcase name="checkingColours" time="0.004" classname="AgilityDataProviderPackage.DataProviderReusableMethods">
    <failure type="java.lang.NullPointerException">
      <![CDATA[java.lang.NullPointerException
	at AgilityDataProviderPackage.DataProviderReusableMethods.checkingColours(DataProviderReusableMethods.java:485)
... Removed 24 stack frames]]>
    </failure>
  </testcase> <!-- checkingColours -->
</testsuite> <!-- Default test(failed) -->
