<?xml version="1.0" encoding="UTF-8"?>
<!-- Generated by org.testng.reporters.JUnitXMLReporter -->
<testsuite hostname="US1LT-RGUNTURU" name="AgilityTestNGpackage" tests="9" failures="1" timestamp="4 Sep 2019 08:56:22 GMT" time="73.264" errors="0">
  <testcase name="launchApplicationChrome" time="41.135" classname="AgilityTestNGpackage.ReusableTestMethods"/>
  <testcase name="enterLoginDetails" time="2.363" classname="AgilityTestNGpackage.ReusableTestMethods"/>
  <testcase name="checkCountInDropDownBox" time="8.717" classname="AgilityTestNGpackage.ReusableTestMethods"/>
  <testcase name="selectDropDownBox" time="4.283" classname="AgilityTestNGpackage.ReusableTestMethods"/>
  <testcase name="selectDatePicker" time="15.094" classname="AgilityTestNGpackage.ReusableTestMethods"/>
  <testcase name="checkMonitorAndMeasure" time="0.841" classname="AgilityTestNGpackage.ReusableTestMethods"/>
  <testcase name="countingFlipperCards" time="0.1" classname="AgilityTestNGpackage.ReusableTestMethods"/>
  <testcase name="recurrenceButtonCheck" time="0.593" classname="AgilityTestNGpackage.ReusableTestMethods">
    <failure type="java.lang.NullPointerException">
      <![CDATA[java.lang.NullPointerException
	at AgilityTestNGpackage.ReusableTestMethods.recurrenceButtonCheck(ReusableTestMethods.java:456)
... Removed 24 stack frames]]>
    </failure>
  </testcase> <!-- recurrenceButtonCheck -->
  <testcase name="checkingColours" time="0.101" classname="AgilityTestNGpackage.ReusableTestMethods"/>
</testsuite> <!-- AgilityTestNGpackage -->
