<?xml version="1.0" encoding="UTF-8"?>
<!-- Generated by org.testng.reporters.JUnitXMLReporter -->
<testsuite hostname="US1LT-RGUNTURU" name="AgilityTestNGpackage2" tests="9" failures="0" timestamp="10 Sep 2019 06:57:09 GMT" time="81.34" errors="0">
  <testcase name="launchApplicationChrome" time="45.473" classname="AgilityTestNGpackage.ReusableTestMethods"/>
  <testcase name="enterLoginDetails" time="3.114" classname="AgilityTestNGpackage.ReusableTestMethods"/>
  <testcase name="checkCountInDropDownBox" time="15.408" classname="AgilityTestNGpackage.ReusableTestMethods"/>
  <testcase name="selectDropDownBox" time="3.467" classname="AgilityTestNGpackage.ReusableTestMethods"/>
  <testcase name="selectDatePicker" time="10.689" classname="AgilityTestNGpackage.ReusableTestMethods"/>
  <testcase name="checkMonitorAndMeasure" time="0.54" classname="AgilityTestNGpackage.ReusableTestMethods"/>
  <testcase name="countingFlipperCards" time="0.072" classname="AgilityTestNGpackage.ReusableTestMethods"/>
  <testcase name="recurrenceButtonCheck" time="2.368" classname="AgilityTestNGpackage.ReusableTestMethods"/>
  <testcase name="checkingColours" time="0.086" classname="AgilityTestNGpackage.ReusableTestMethods"/>
</testsuite> <!-- AgilityTestNGpackage2 -->
